mode: set
heartyhardy/datastructs/binarytree/binary_tree.go:22.54,23.17 1 1
heartyhardy/datastructs/binarytree/binary_tree.go:26.2,26.23 1 1
heartyhardy/datastructs/binarytree/binary_tree.go:30.2,31.14 2 1
heartyhardy/datastructs/binarytree/binary_tree.go:23.17,25.3 1 1
heartyhardy/datastructs/binarytree/binary_tree.go:26.23,29.3 2 1
heartyhardy/datastructs/binarytree/binary_tree.go:36.46,37.33 1 1
heartyhardy/datastructs/binarytree/binary_tree.go:45.2,45.25 1 1
heartyhardy/datastructs/binarytree/binary_tree.go:49.2,49.35 1 1
heartyhardy/datastructs/binarytree/binary_tree.go:37.33,38.25 1 1
heartyhardy/datastructs/binarytree/binary_tree.go:42.3,43.9 2 1
heartyhardy/datastructs/binarytree/binary_tree.go:38.25,41.4 2 1
heartyhardy/datastructs/binarytree/binary_tree.go:45.25,48.3 2 1
heartyhardy/datastructs/binarytree/binary_tree.go:52.42,53.19 1 1
heartyhardy/datastructs/binarytree/binary_tree.go:56.2,59.35 4 1
heartyhardy/datastructs/binarytree/binary_tree.go:53.19,55.3 1 1
heartyhardy/datastructs/binarytree/binary_tree.go:62.51,63.19 1 1
heartyhardy/datastructs/binarytree/binary_tree.go:66.2,66.25 1 1
heartyhardy/datastructs/binarytree/binary_tree.go:71.2,71.41 1 1
heartyhardy/datastructs/binarytree/binary_tree.go:63.19,65.3 1 1
heartyhardy/datastructs/binarytree/binary_tree.go:66.25,68.3 1 1
heartyhardy/datastructs/binarytree/binary_tree.go:68.8,68.32 1 1
heartyhardy/datastructs/binarytree/binary_tree.go:68.32,70.3 1 1
heartyhardy/datastructs/binarytree/binary_tree.go:75.50,78.2 2 1
heartyhardy/datastructs/binarytree/binary_tree.go:81.34,83.2 1 1
